# JRE version: Java(TM) SE Runtime Environment (8.0_251-b08) (build 1.8.0_251-b08)
# Java VM: Java HotSpot(TM) 64-Bit Server VM (25.251-b08 mixed mode windows-amd64 compressed oops)
Heap:
 garbage-first heap   total 524288K, used 42026K [0x00000005c1200000, 0x00000005c1400800, 0x00000007c0000000)
  region size 2048K, 11 young (22528K), 11 survivors (22528K)
 Metaspace       used 24899K, capacity 26618K, committed 26752K, reserved 1079296K
  class space    used 3509K, capacity 3862K, committed 3968K, reserved 1048576K
GC Heap History (9 events):
Event: 2.938 GC heap before
{Heap before GC invocations=0 (full 0):
 garbage-first heap   total 524288K, used 24576K [0x00000005c1200000, 0x00000005c1400800, 0x00000007c0000000)
  region size 2048K, 12 young (24576K), 0 survivors (0K)
 Metaspace       used 13705K, capacity 14280K, committed 14464K, reserved 1062912K
  class space    used 1731K, capacity 1893K, committed 1920K, reserved 1048576K
Event: 2.943 GC heap after
Heap after GC invocations=1 (full 0):
 garbage-first heap   total 524288K, used 4624K [0x00000005c1200000, 0x00000005c1400800, 0x00000007c0000000)
  region size 2048K, 2 young (4096K), 2 survivors (4096K)
 Metaspace       used 13705K, capacity 14280K, committed 14464K, reserved 1062912K
  class space    used 1731K, capacity 1893K, committed 1920K, reserved 1048576K
}
Event: 4.227 GC heap before
{Heap before GC invocations=1 (full 0):
 garbage-first heap   total 524288K, used 39440K [0x00000005c1200000, 0x00000005c1400800, 0x00000007c0000000)
  region size 2048K, 19 young (38912K), 2 survivors (4096K)
 Metaspace       used 16908K, capacity 17748K, committed 17920K, reserved 1064960K
  class space    used 2283K, capacity 2495K, committed 2560K, reserved 1048576K
Event: 4.234 GC heap after
Heap after GC invocations=2 (full 0):
 garbage-first heap   total 524288K, used 23773K [0x00000005c1200000, 0x00000005c1400800, 0x00000007c0000000)
  region size 2048K, 3 young (6144K), 3 survivors (6144K)
 Metaspace       used 16908K, capacity 17748K, committed 17920K, reserved 1064960K
  class space    used 2283K, capacity 2495K, committed 2560K, reserved 1048576K
}
Event: 4.894 GC heap before
{Heap before GC invocations=2 (full 0):
 garbage-first heap   total 524288K, used 44253K [0x00000005c1200000, 0x00000005c1400800, 0x00000007c0000000)
  region size 2048K, 14 young (28672K), 3 survivors (6144K)
 Metaspace       used 20128K, capacity 21144K, committed 21296K, reserved 1067008K
  class space    used 2871K, capacity 3099K, committed 3200K, reserved 1048576K
Event: 4.899 GC heap after
Heap after GC invocations=3 (full 0):
 garbage-first heap   total 524288K, used 26264K [0x00000005c1200000, 0x00000005c1400800, 0x00000007c0000000)
  region size 2048K, 5 young (10240K), 5 survivors (10240K)
 Metaspace       used 20128K, capacity 21144K, committed 21296K, reserved 1067008K
  class space    used 2871K, capacity 3099K, committed 3200K, reserved 1048576K
}
Event: 2901.247 GC heap before
{Heap before GC invocations=4 (full 0):
 garbage-first heap   total 524288K, used 111256K [0x00000005c1200000, 0x00000005c1400800, 0x00000007c0000000)
  region size 2048K, 46 young (94208K), 5 survivors (10240K)
 Metaspace       used 24899K, capacity 26618K, committed 26752K, reserved 1077248K
  class space    used 3509K, capacity 3862K, committed 3968K, reserved 1048576K
Event: 2901.377 GC heap after
Heap after GC invocations=5 (full 0):
 garbage-first heap   total 524288K, used 42026K [0x00000005c1200000, 0x00000005c1400800, 0x00000007c0000000)
  region size 2048K, 11 young (22528K), 11 survivors (22528K)
 Metaspace       used 24899K, capacity 26618K, committed 26752K, reserved 1077248K
  class space    used 3509K, capacity 3862K, committed 3968K, reserved 1048576K
}
Event: 2901.378 GC heap before
{Heap before GC invocations=5 (full 0):
 garbage-first heap   total 524288K, used 42026K [0x00000005c1200000, 0x00000005c1400800, 0x00000007c0000000)
  region size 2048K, 11 young (22528K), 11 survivors (22528K)
 Metaspace       used 24899K, capacity 26618K, committed 26752K, reserved 1079296K
  class space    used 3509K, capacity 3862K, committed 3968K, reserved 1048576K

